# JRE version: Java(TM) SE Runtime Environment (8.0_181-b13) (build 1.8.0_181-b13)
# Java VM: Java HotSpot(TM) 64-Bit Server VM (25.181-b13 mixed mode windows-amd64 compressed oops)
Heap:
 PSYoungGen      total 133632K, used 96444K [0x00000000eb500000, 0x00000000f4b80000, 0x0000000100000000)
  eden space 126976K, 72% used [0x00000000eb500000,0x00000000f0e72750,0x00000000f3100000)
  from space 6656K, 72% used [0x00000000f3100000,0x00000000f35bcb28,0x00000000f3780000)
  to   space 9216K, 0% used [0x00000000f4280000,0x00000000f4280000,0x00000000f4b80000)
 ParOldGen       total 31232K, used 20644K [0x00000000c1e00000, 0x00000000c3c80000, 0x00000000eb500000)
  object space 31232K, 66% used [0x00000000c1e00000,0x00000000c3229120,0x00000000c3c80000)
 Metaspace       used 44671K, capacity 46494K, committed 46720K, reserved 1089536K
  class space    used 6360K, capacity 6738K, committed 6784K, reserved 1048576K
GC Heap History (10 events):
Event: 16.086 GC heap before
{Heap before GC invocations=9 (full 1):
 PSYoungGen      total 71680K, used 64473K [0x00000000eb500000, 0x00000000f4100000, 0x0000000100000000)
  eden space 64512K, 99% used [0x00000000eb500000,0x00000000ef3f6760,0x00000000ef400000)
  from space 7168K, 0% used [0x00000000ef400000,0x00000000ef400000,0x00000000efb00000)
  to   space 7168K, 0% used [0x00000000f3a00000,0x00000000f3a00000,0x00000000f4100000)
 ParOldGen       total 31232K, used 5341K [0x00000000c1e00000, 0x00000000c3c80000, 0x00000000eb500000)
  object space 31232K, 17% used [0x00000000c1e00000,0x00000000c2337468,0x00000000c3c80000)
 Metaspace       used 22532K, capacity 23240K, committed 23552K, reserved 1069056K
  class space    used 3045K, capacity 3257K, committed 3328K, reserved 1048576K
Event: 16.104 GC heap after
Heap after GC invocations=9 (full 1):
 PSYoungGen      total 106496K, used 4066K [0x00000000eb500000, 0x00000000f3e00000, 0x0000000100000000)
  eden space 102400K, 0% used [0x00000000eb500000,0x00000000eb500000,0x00000000f1900000)
  from space 4096K, 99% used [0x00000000f3a00000,0x00000000f3df8930,0x00000000f3e00000)
  to   space 6656K, 0% used [0x00000000f3100000,0x00000000f3100000,0x00000000f3780000)
 ParOldGen       total 31232K, used 5349K [0x00000000c1e00000, 0x00000000c3c80000, 0x00000000eb500000)
  object space 31232K, 17% used [0x00000000c1e00000,0x00000000c2339468,0x00000000c3c80000)
 Metaspace       used 22532K, capacity 23240K, committed 23552K, reserved 1069056K
  class space    used 3045K, capacity 3257K, committed 3328K, reserved 1048576K
}
Event: 19.583 GC heap before
{Heap before GC invocations=10 (full 1):
 PSYoungGen      total 106496K, used 106466K [0x00000000eb500000, 0x00000000f3e00000, 0x0000000100000000)
  eden space 102400K, 100% used [0x00000000eb500000,0x00000000f1900000,0x00000000f1900000)
  from space 4096K, 99% used [0x00000000f3a00000,0x00000000f3df8930,0x00000000f3e00000)
  to   space 6656K, 0% used [0x00000000f3100000,0x00000000f3100000,0x00000000f3780000)
 ParOldGen       total 31232K, used 5349K [0x00000000c1e00000, 0x00000000c3c80000, 0x00000000eb500000)
  object space 31232K, 17% used [0x00000000c1e00000,0x00000000c2339468,0x00000000c3c80000)
 Metaspace       used 27692K, capacity 29216K, committed 29312K, reserved 1075200K
  class space    used 3851K, capacity 4171K, committed 4224K, reserved 1048576K
Event: 19.642 GC heap after
Heap after GC invocations=10 (full 1):
 PSYoungGen      total 133632K, used 6632K [0x00000000eb500000, 0x00000000f4b80000, 0x0000000100000000)
  eden space 126976K, 0% used [0x00000000eb500000,0x00000000eb500000,0x00000000f3100000)
  from space 6656K, 99% used [0x00000000f3100000,0x00000000f377a048,0x00000000f3780000)
  to   space 9216K, 0% used [0x00000000f4280000,0x00000000f4280000,0x00000000f4b80000)
 ParOldGen       total 31232K, used 9523K [0x00000000c1e00000, 0x00000000c3c80000, 0x00000000eb500000)
  object space 31232K, 30% used [0x00000000c1e00000,0x00000000c274cec8,0x00000000c3c80000)
 Metaspace       used 27692K, capacity 29216K, committed 29312K, reserved 1075200K
  class space    used 3851K, capacity 4171K, committed 4224K, reserved 1048576K
}
Event: 25.258 GC heap before
{Heap before GC invocations=11 (full 1):
 PSYoungGen      total 133632K, used 110279K [0x00000000eb500000, 0x00000000f4b80000, 0x0000000100000000)
  eden space 126976K, 81% used [0x00000000eb500000,0x00000000f1a37fa8,0x00000000f3100000)
  from space 6656K, 99% used [0x00000000f3100000,0x00000000f377a048,0x00000000f3780000)
  to   space 9216K, 0% used [0x00000000f4280000,0x00000000f4280000,0x00000000f4b80000)
 ParOldGen       total 31232K, used 9523K [0x00000000c1e00000, 0x00000000c3c80000, 0x00000000eb500000)
  object space 31232K, 30% used [0x00000000c1e00000,0x00000000c274cec8,0x00000000c3c80000)
 Metaspace       used 33734K, capacity 35286K, committed 35416K, reserved 1079296K
  class space    used 4538K, capacity 4842K, committed 4864K, reserved 1048576K
Event: 25.347 GC heap after
Heap after GC invocations=11 (full 1):
 PSYoungGen      total 136192K, used 9193K [0x00000000eb500000, 0x00000000f4b80000, 0x0000000100000000)
  eden space 126976K, 0% used [0x00000000eb500000,0x00000000eb500000,0x00000000f3100000)
  from space 9216K, 99% used [0x00000000f4280000,0x00000000f4b7a418,0x00000000f4b80000)
  to   space 6656K, 0% used [0x00000000f3100000,0x00000000f3100000,0x00000000f3780000)
 ParOldGen       total 31232K, used 16675K [0x00000000c1e00000, 0x00000000c3c80000, 0x00000000eb500000)
  object space 31232K, 53% used [0x00000000c1e00000,0x00000000c2e48d70,0x00000000c3c80000)
 Metaspace       used 33734K, capacity 35286K, committed 35416K, reserved 1079296K
  class space    used 4538K, capacity 4842K, committed 4864K, reserved 1048576K
}
Event: 25.347 GC heap before
{Heap before GC invocations=12 (full 2):
 PSYoungGen      total 136192K, used 9193K [0x00000000eb500000, 0x00000000f4b80000, 0x0000000100000000)
  eden space 126976K, 0% used [0x00000000eb500000,0x00000000eb500000,0x00000000f3100000)
  from space 9216K, 99% used [0x00000000f4280000,0x00000000f4b7a418,0x00000000f4b80000)
  to   space 6656K, 0% used [0x00000000f3100000,0x00000000f3100000,0x00000000f3780000)
 ParOldGen       total 31232K, used 16675K [0x00000000c1e00000, 0x00000000c3c80000, 0x00000000eb500000)
  object space 31232K, 53% used [0x00000000c1e00000,0x00000000c2e48d70,0x00000000c3c80000)
 Metaspace       used 33734K, capacity 35286K, committed 35416K, reserved 1079296K
  class space    used 4538K, capacity 4842K, committed 4864K, reserved 1048576K
Event: 25.758 GC heap after
Heap after GC invocations=12 (full 2):
 PSYoungGen      total 136192K, used 0K [0x00000000eb500000, 0x00000000f4b80000, 0x0000000100000000)
  eden space 126976K, 0% used [0x00000000eb500000,0x00000000eb500000,0x00000000f3100000)
  from space 9216K, 0% used [0x00000000f4280000,0x00000000f4280000,0x00000000f4b80000)
  to   space 6656K, 0% used [0x00000000f3100000,0x00000000f3100000,0x00000000f3780000)
 ParOldGen       total 31232K, used 20636K [0x00000000c1e00000, 0x00000000c3c80000, 0x00000000eb500000)
  object space 31232K, 66% used [0x00000000c1e00000,0x00000000c3227120,0x00000000c3c80000)
 Metaspace       used 33734K, capacity 35286K, committed 35416K, reserved 1079296K
  class space    used 4538K, capacity 4842K, committed 4864K, reserved 1048576K
}
Event: 104.480 GC heap before
{Heap before GC invocations=13 (full 2):
 PSYoungGen      total 136192K, used 126976K [0x00000000eb500000, 0x00000000f4b80000, 0x0000000100000000)
  eden space 126976K, 100% used [0x00000000eb500000,0x00000000f3100000,0x00000000f3100000)
  from space 9216K, 0% used [0x00000000f4280000,0x00000000f4280000,0x00000000f4b80000)
  to   space 6656K, 0% used [0x00000000f3100000,0x00000000f3100000,0x00000000f3780000)
 ParOldGen       total 31232K, used 20636K [0x00000000c1e00000, 0x00000000c3c80000, 0x00000000eb500000)
  object space 31232K, 66% used [0x00000000c1e00000,0x00000000c3227120,0x00000000c3c80000)
 Metaspace       used 37463K, capacity 39078K, committed 39424K, reserved 1083392K
  class space    used 5251K, capacity 5592K, committed 5632K, reserved 1048576K
Event: 104.494 GC heap after
Heap after GC invocations=13 (full 2):
 PSYoungGen      total 133632K, used 4850K [0x00000000eb500000, 0x00000000f4b80000, 0x0000000100000000)
  eden space 126976K, 0% used [0x00000000eb500000,0x00000000eb500000,0x00000000f3100000)
  from space 6656K, 72% used [0x00000000f3100000,0x00000000f35bcb28,0x00000000f3780000)
  to   space 9216K, 0% used [0x00000000f4280000,0x00000000f4280000,0x00000000f4b80000)
 ParOldGen       total 31232K, used 20644K [0x00000000c1e00000, 0x00000000c3c80000, 0x00000000eb500000)
  object space 31232K, 66% used [0x00000000c1e00000,0x00000000c3229120,0x00000000c3c80000)
 Metaspace       used 37463K, capacity 39078K, committed 39424K, reserved 1083392K
  class space    used 5251K, capacity 5592K, committed 5632K, reserved 1048576K
}

